The system is: Linux - 4.15.0-39-generic - x86_64
Compiling the CXX compiler identification source file "CMakeCXXCompilerId.cpp" succeeded.
Compiler: /home/aaudi/Bureau/fdk/fdk/kokkos/bin/nvcc_wrapper 
Build flags: 
Id flags:  

The output was:
0


Compilation of the CXX compiler identification source "CMakeCXXCompilerId.cpp" produced "a.out"

The CXX compiler identification is GNU, found in "/home/aaudi/Bureau/kokkos_numscale_work/sum_cols_matrix_perf/build_gpu/CMakeFiles/3.10.2/CompilerIdCXX/a.out"

Compiling the C compiler identification source file "CMakeCCompilerId.c" succeeded.
Compiler: /usr/bin/cc 
Build flags: 
Id flags:  

The output was:
0


Compilation of the C compiler identification source "CMakeCCompilerId.c" produced "a.out"

The C compiler identification is GNU, found in "/home/aaudi/Bureau/kokkos_numscale_work/sum_cols_matrix_perf/build_gpu/CMakeFiles/3.10.2/CompilerIdC/a.out"

Determining if the CXX compiler works passed with the following output:
Change Dir: /home/aaudi/Bureau/kokkos_numscale_work/sum_cols_matrix_perf/build_gpu/CMakeFiles/CMakeTmp

Run Build Command:"/usr/bin/make" "cmTC_bb93d/fast"
/usr/bin/make -f CMakeFiles/cmTC_bb93d.dir/build.make CMakeFiles/cmTC_bb93d.dir/build
make[1] : on entre dans le répertoire « /home/aaudi/Bureau/kokkos_numscale_work/sum_cols_matrix_perf/build_gpu/CMakeFiles/CMakeTmp »
Building CXX object CMakeFiles/cmTC_bb93d.dir/testCXXCompiler.cxx.o
/home/aaudi/Bureau/fdk/fdk/kokkos/bin/nvcc_wrapper     -o CMakeFiles/cmTC_bb93d.dir/testCXXCompiler.cxx.o -c /home/aaudi/Bureau/kokkos_numscale_work/sum_cols_matrix_perf/build_gpu/CMakeFiles/CMakeTmp/testCXXCompiler.cxx
Linking CXX executable cmTC_bb93d
/usr/bin/cmake -E cmake_link_script CMakeFiles/cmTC_bb93d.dir/link.txt --verbose=1
/home/aaudi/Bureau/fdk/fdk/kokkos/bin/nvcc_wrapper       CMakeFiles/cmTC_bb93d.dir/testCXXCompiler.cxx.o  -o cmTC_bb93d 
make[1] : on quitte le répertoire « /home/aaudi/Bureau/kokkos_numscale_work/sum_cols_matrix_perf/build_gpu/CMakeFiles/CMakeTmp »


Detecting CXX compiler ABI info compiled with the following output:
Change Dir: /home/aaudi/Bureau/kokkos_numscale_work/sum_cols_matrix_perf/build_gpu/CMakeFiles/CMakeTmp

Run Build Command:"/usr/bin/make" "cmTC_2595f/fast"
/usr/bin/make -f CMakeFiles/cmTC_2595f.dir/build.make CMakeFiles/cmTC_2595f.dir/build
make[1] : on entre dans le répertoire « /home/aaudi/Bureau/kokkos_numscale_work/sum_cols_matrix_perf/build_gpu/CMakeFiles/CMakeTmp »
Building CXX object CMakeFiles/cmTC_2595f.dir/CMakeCXXCompilerABI.cpp.o
/home/aaudi/Bureau/fdk/fdk/kokkos/bin/nvcc_wrapper     -o CMakeFiles/cmTC_2595f.dir/CMakeCXXCompilerABI.cpp.o -c /usr/share/cmake-3.10/Modules/CMakeCXXCompilerABI.cpp
Linking CXX executable cmTC_2595f
/usr/bin/cmake -E cmake_link_script CMakeFiles/cmTC_2595f.dir/link.txt --verbose=1
/home/aaudi/Bureau/fdk/fdk/kokkos/bin/nvcc_wrapper      -v CMakeFiles/cmTC_2595f.dir/CMakeCXXCompilerABI.cpp.o  -o cmTC_2595f 
Using built-in specs.
COLLECT_GCC=/usr/bin/g++-5
Target: x86_64-linux-gnu
Configured with: ../src/configure -v --with-pkgversion='Ubuntu 5.5.0-12ubuntu1' --with-bugurl=file:///usr/share/doc/gcc-5/README.Bugs --enable-languages=c,ada,c++,go,d,fortran,objc,obj-c++ --prefix=/usr --program-suffix=-5 --enable-shared --enable-linker-build-id --libexecdir=/usr/lib --without-included-gettext --enable-threads=posix --libdir=/usr/lib --enable-nls --with-sysroot=/ --enable-clocale=gnu --enable-libstdcxx-debug --enable-libstdcxx-time=yes --with-default-libstdcxx-abi=new --enable-gnu-unique-object --disable-vtable-verify --enable-libmpx --enable-plugin --enable-default-pie --with-system-zlib --enable-objc-gc --enable-multiarch --disable-werror --with-arch-32=i686 --with-abi=m64 --with-multilib-list=m32,m64,mx32 --enable-multilib --with-tune=generic --enable-checking=release --build=x86_64-linux-gnu --host=x86_64-linux-gnu --target=x86_64-linux-gnu
Thread model: posix
gcc version 5.5.0 20171010 (Ubuntu 5.5.0-12ubuntu1) 
COLLECT_GCC_OPTIONS='-c' '-D' 'FATBINFILE="/tmp/tmpxft_00001dc2_00000000-3_cmTC_2595f_dlink.fatbin.c"' '-D' 'REGISTERLINKBINARYFILE="/tmp/tmpxft_00001dc2_00000000-2_cmTC_2595f_dlink.reg.c"' '-I' '.' '-v' '-I' '/usr/local/cuda/bin/../targets/x86_64-linux/include' '-D' '__CUDACC_VER__=80061' '-D' '__CUDACC_VER_BUILD__=61' '-D' '__CUDACC_VER_MINOR__=0' '-D' '__CUDACC_VER_MAJOR__=8' '-m64' '-o' '/tmp/tmpxft_00001dc2_00000000-5_cmTC_2595f_dlink.o' '-shared-libgcc' '-mtune=generic' '-march=x86-64'
 /usr/lib/gcc/x86_64-linux-gnu/5/cc1plus -quiet -v -I . -I /usr/local/cuda/bin/../targets/x86_64-linux/include -imultiarch x86_64-linux-gnu -D_GNU_SOURCE -D FATBINFILE="/tmp/tmpxft_00001dc2_00000000-3_cmTC_2595f_dlink.fatbin.c" -D REGISTERLINKBINARYFILE="/tmp/tmpxft_00001dc2_00000000-2_cmTC_2595f_dlink.reg.c" -D __CUDACC_VER__=80061 -D __CUDACC_VER_BUILD__=61 -D __CUDACC_VER_MINOR__=0 -D __CUDACC_VER_MAJOR__=8 /usr/local/cuda/bin/crt/link.stub -quiet -dumpbase link.stub -m64 -mtune=generic -march=x86-64 -auxbase-strip /tmp/tmpxft_00001dc2_00000000-5_cmTC_2595f_dlink.o -version -fstack-protector-strong -Wformat -Wformat-security -o /tmp/cciEllNS.s
GNU C++ (Ubuntu 5.5.0-12ubuntu1) version 5.5.0 20171010 (x86_64-linux-gnu)
	compiled by GNU C version 5.5.0 20171010, GMP version 6.1.2, MPFR version 4.0.1, MPC version 1.1.0
GGC heuristics: --param ggc-min-expand=100 --param ggc-min-heapsize=131072
ignoring duplicate directory "/usr/include/x86_64-linux-gnu/c++/5"
ignoring nonexistent directory "/usr/local/include/x86_64-linux-gnu"
ignoring nonexistent directory "/usr/lib/gcc/x86_64-linux-gnu/5/../../../../x86_64-linux-gnu/include"
#include "..." search starts here:
#include <...> search starts here:
 .
 /usr/local/cuda/bin/../targets/x86_64-linux/include
 /usr/include/c++/5
 /usr/include/x86_64-linux-gnu/c++/5
 /usr/include/c++/5/backward
 /usr/lib/gcc/x86_64-linux-gnu/5/include
 /usr/local/include
 /usr/lib/gcc/x86_64-linux-gnu/5/include-fixed
 /usr/include/x86_64-linux-gnu
 /usr/include
End of search list.
GNU C++ (Ubuntu 5.5.0-12ubuntu1) version 5.5.0 20171010 (x86_64-linux-gnu)
	compiled by GNU C version 5.5.0 20171010, GMP version 6.1.2, MPFR version 4.0.1, MPC version 1.1.0
GGC heuristics: --param ggc-min-expand=100 --param ggc-min-heapsize=131072
Compiler executable checksum: 7502860693407ccc98d9842871193560
COLLECT_GCC_OPTIONS='-c' '-D' 'FATBINFILE="/tmp/tmpxft_00001dc2_00000000-3_cmTC_2595f_dlink.fatbin.c"' '-D' 'REGISTERLINKBINARYFILE="/tmp/tmpxft_00001dc2_00000000-2_cmTC_2595f_dlink.reg.c"' '-I' '.' '-v' '-I' '/usr/local/cuda/bin/../targets/x86_64-linux/include' '-D' '__CUDACC_VER__=80061' '-D' '__CUDACC_VER_BUILD__=61' '-D' '__CUDACC_VER_MINOR__=0' '-D' '__CUDACC_VER_MAJOR__=8' '-m64' '-o' '/tmp/tmpxft_00001dc2_00000000-5_cmTC_2595f_dlink.o' '-shared-libgcc' '-mtune=generic' '-march=x86-64'
 as -v -I . -I /usr/local/cuda/bin/../targets/x86_64-linux/include --64 -o /tmp/tmpxft_00001dc2_00000000-5_cmTC_2595f_dlink.o /tmp/cciEllNS.s
Version de l'assembleur GNU 2.30 (x86_64-linux-gnu) utilisant la version BFD (GNU Binutils for Ubuntu) 2.30
COMPILER_PATH=/usr/lib/gcc/x86_64-linux-gnu/5/:/usr/lib/gcc/x86_64-linux-gnu/5/:/usr/lib/gcc/x86_64-linux-gnu/:/usr/lib/gcc/x86_64-linux-gnu/5/:/usr/lib/gcc/x86_64-linux-gnu/
LIBRARY_PATH=/usr/lib/gcc/x86_64-linux-gnu/5/:/usr/lib/gcc/x86_64-linux-gnu/5/../../../x86_64-linux-gnu/:/usr/lib/gcc/x86_64-linux-gnu/5/../../../../lib/:/lib/x86_64-linux-gnu/:/lib/../lib/:/usr/lib/x86_64-linux-gnu/:/usr/lib/../lib/:/usr/lib/gcc/x86_64-linux-gnu/5/../../../:/lib/:/usr/lib/
COLLECT_GCC_OPTIONS='-c' '-D' 'FATBINFILE="/tmp/tmpxft_00001dc2_00000000-3_cmTC_2595f_dlink.fatbin.c"' '-D' 'REGISTERLINKBINARYFILE="/tmp/tmpxft_00001dc2_00000000-2_cmTC_2595f_dlink.reg.c"' '-I' '.' '-v' '-I' '/usr/local/cuda/bin/../targets/x86_64-linux/include' '-D' '__CUDACC_VER__=80061' '-D' '__CUDACC_VER_BUILD__=61' '-D' '__CUDACC_VER_MINOR__=0' '-D' '__CUDACC_VER_MAJOR__=8' '-m64' '-o' '/tmp/tmpxft_00001dc2_00000000-5_cmTC_2595f_dlink.o' '-shared-libgcc' '-mtune=generic' '-march=x86-64'
Using built-in specs.
COLLECT_GCC=/usr/bin/g++-5
COLLECT_LTO_WRAPPER=/usr/lib/gcc/x86_64-linux-gnu/5/lto-wrapper
Target: x86_64-linux-gnu
Configured with: ../src/configure -v --with-pkgversion='Ubuntu 5.5.0-12ubuntu1' --with-bugurl=file:///usr/share/doc/gcc-5/README.Bugs --enable-languages=c,ada,c++,go,d,fortran,objc,obj-c++ --prefix=/usr --program-suffix=-5 --enable-shared --enable-linker-build-id --libexecdir=/usr/lib --without-included-gettext --enable-threads=posix --libdir=/usr/lib --enable-nls --with-sysroot=/ --enable-clocale=gnu --enable-libstdcxx-debug --enable-libstdcxx-time=yes --with-default-libstdcxx-abi=new --enable-gnu-unique-object --disable-vtable-verify --enable-libmpx --enable-plugin --enable-default-pie --with-system-zlib --enable-objc-gc --enable-multiarch --disable-werror --with-arch-32=i686 --with-abi=m64 --with-multilib-list=m32,m64,mx32 --enable-multilib --with-tune=generic --enable-checking=release --build=x86_64-linux-gnu --host=x86_64-linux-gnu --target=x86_64-linux-gnu
Thread model: posix
gcc version 5.5.0 20171010 (Ubuntu 5.5.0-12ubuntu1) 
COMPILER_PATH=/usr/lib/gcc/x86_64-linux-gnu/5/:/usr/lib/gcc/x86_64-linux-gnu/5/:/usr/lib/gcc/x86_64-linux-gnu/:/usr/lib/gcc/x86_64-linux-gnu/5/:/usr/lib/gcc/x86_64-linux-gnu/
LIBRARY_PATH=/usr/lib/gcc/x86_64-linux-gnu/5/:/usr/lib/gcc/x86_64-linux-gnu/5/../../../x86_64-linux-gnu/:/usr/lib/gcc/x86_64-linux-gnu/5/../../../../lib/:/lib/x86_64-linux-gnu/:/lib/../lib/:/usr/lib/x86_64-linux-gnu/:/usr/lib/../lib/:/usr/lib/gcc/x86_64-linux-gnu/5/../../../:/lib/:/usr/lib/
COLLECT_GCC_OPTIONS='-v' '-m64' '-o' 'cmTC_2595f' '-L/usr/local/cuda/bin/../targets/x86_64-linux/lib/stubs' '-L/usr/local/cuda/bin/../targets/x86_64-linux/lib' '-shared-libgcc' '-mtune=generic' '-march=x86-64'
 /usr/lib/gcc/x86_64-linux-gnu/5/collect2 -plugin /usr/lib/gcc/x86_64-linux-gnu/5/liblto_plugin.so -plugin-opt=/usr/lib/gcc/x86_64-linux-gnu/5/lto-wrapper -plugin-opt=-fresolution=/tmp/ccWxnVbW.res -plugin-opt=-pass-through=-lgcc_s -plugin-opt=-pass-through=-lgcc -plugin-opt=-pass-through=-lc -plugin-opt=-pass-through=-lgcc_s -plugin-opt=-pass-through=-lgcc --sysroot=/ --build-id --eh-frame-hdr -m elf_x86_64 --hash-style=gnu --as-needed -dynamic-linker /lib64/ld-linux-x86-64.so.2 -pie -z now -z relro -o cmTC_2595f /usr/lib/gcc/x86_64-linux-gnu/5/../../../x86_64-linux-gnu/Scrt1.o /usr/lib/gcc/x86_64-linux-gnu/5/../../../x86_64-linux-gnu/crti.o /usr/lib/gcc/x86_64-linux-gnu/5/crtbeginS.o -L/usr/local/cuda/bin/../targets/x86_64-linux/lib/stubs -L/usr/local/cuda/bin/../targets/x86_64-linux/lib -L/usr/lib/gcc/x86_64-linux-gnu/5 -L/usr/lib/gcc/x86_64-linux-gnu/5/../../../x86_64-linux-gnu -L/usr/lib/gcc/x86_64-linux-gnu/5/../../../../lib -L/lib/x86_64-linux-gnu -L/lib/../lib -L/usr/lib/x86_64-linux-gnu -L/usr/lib/../lib -L/usr/lib/gcc/x86_64-linux-gnu/5/../../.. --start-group /tmp/tmpxft_00001dc2_00000000-5_cmTC_2595f_dlink.o CMakeFiles/cmTC_2595f.dir/CMakeCXXCompilerABI.cpp.o -lcudadevrt -lcudart_static -lrt -lpthread -ldl --end-group -lstdc++ -lm -lgcc_s -lgcc -lc -lgcc_s -lgcc /usr/lib/gcc/x86_64-linux-gnu/5/crtend.o /usr/lib/gcc/x86_64-linux-gnu/5/../../../x86_64-linux-gnu/crtn.o
make[1] : on quitte le répertoire « /home/aaudi/Bureau/kokkos_numscale_work/sum_cols_matrix_perf/build_gpu/CMakeFiles/CMakeTmp »


Parsed CXX implicit link information from above output:
  link line regex: [^( *|.*[/\])(ld|CMAKE_LINK_STARTFILE-NOTFOUND|([^/\]+-)?ld|collect2)[^/\]*( |$)]
  ignore line: [Change Dir: /home/aaudi/Bureau/kokkos_numscale_work/sum_cols_matrix_perf/build_gpu/CMakeFiles/CMakeTmp]
  ignore line: []
  ignore line: [Run Build Command:"/usr/bin/make" "cmTC_2595f/fast"]
  ignore line: [/usr/bin/make -f CMakeFiles/cmTC_2595f.dir/build.make CMakeFiles/cmTC_2595f.dir/build]
  ignore line: [make[1] : on entre dans le répertoire « /home/aaudi/Bureau/kokkos_numscale_work/sum_cols_matrix_perf/build_gpu/CMakeFiles/CMakeTmp »]
  ignore line: [Building CXX object CMakeFiles/cmTC_2595f.dir/CMakeCXXCompilerABI.cpp.o]
  ignore line: [/home/aaudi/Bureau/fdk/fdk/kokkos/bin/nvcc_wrapper     -o CMakeFiles/cmTC_2595f.dir/CMakeCXXCompilerABI.cpp.o -c /usr/share/cmake-3.10/Modules/CMakeCXXCompilerABI.cpp]
  ignore line: [Linking CXX executable cmTC_2595f]
  ignore line: [/usr/bin/cmake -E cmake_link_script CMakeFiles/cmTC_2595f.dir/link.txt --verbose=1]
  ignore line: [/home/aaudi/Bureau/fdk/fdk/kokkos/bin/nvcc_wrapper      -v CMakeFiles/cmTC_2595f.dir/CMakeCXXCompilerABI.cpp.o  -o cmTC_2595f ]
  ignore line: [Using built-in specs.]
  ignore line: [COLLECT_GCC=/usr/bin/g++-5]
  ignore line: [Target: x86_64-linux-gnu]
  ignore line: [Configured with: ../src/configure -v --with-pkgversion='Ubuntu 5.5.0-12ubuntu1' --with-bugurl=file:///usr/share/doc/gcc-5/README.Bugs --enable-languages=c,ada,c++,go,d,fortran,objc,obj-c++ --prefix=/usr --program-suffix=-5 --enable-shared --enable-linker-build-id --libexecdir=/usr/lib --without-included-gettext --enable-threads=posix --libdir=/usr/lib --enable-nls --with-sysroot=/ --enable-clocale=gnu --enable-libstdcxx-debug --enable-libstdcxx-time=yes --with-default-libstdcxx-abi=new --enable-gnu-unique-object --disable-vtable-verify --enable-libmpx --enable-plugin --enable-default-pie --with-system-zlib --enable-objc-gc --enable-multiarch --disable-werror --with-arch-32=i686 --with-abi=m64 --with-multilib-list=m32,m64,mx32 --enable-multilib --with-tune=generic --enable-checking=release --build=x86_64-linux-gnu --host=x86_64-linux-gnu --target=x86_64-linux-gnu]
  ignore line: [Thread model: posix]
  ignore line: [gcc version 5.5.0 20171010 (Ubuntu 5.5.0-12ubuntu1) ]
  ignore line: [COLLECT_GCC_OPTIONS='-c' '-D' 'FATBINFILE="/tmp/tmpxft_00001dc2_00000000-3_cmTC_2595f_dlink.fatbin.c"' '-D' 'REGISTERLINKBINARYFILE="/tmp/tmpxft_00001dc2_00000000-2_cmTC_2595f_dlink.reg.c"' '-I' '.' '-v' '-I' '/usr/local/cuda/bin/../targets/x86_64-linux/include' '-D' '__CUDACC_VER__=80061' '-D' '__CUDACC_VER_BUILD__=61' '-D' '__CUDACC_VER_MINOR__=0' '-D' '__CUDACC_VER_MAJOR__=8' '-m64' '-o' '/tmp/tmpxft_00001dc2_00000000-5_cmTC_2595f_dlink.o' '-shared-libgcc' '-mtune=generic' '-march=x86-64']
  ignore line: [ /usr/lib/gcc/x86_64-linux-gnu/5/cc1plus -quiet -v -I . -I /usr/local/cuda/bin/../targets/x86_64-linux/include -imultiarch x86_64-linux-gnu -D_GNU_SOURCE -D FATBINFILE="/tmp/tmpxft_00001dc2_00000000-3_cmTC_2595f_dlink.fatbin.c" -D REGISTERLINKBINARYFILE="/tmp/tmpxft_00001dc2_00000000-2_cmTC_2595f_dlink.reg.c" -D __CUDACC_VER__=80061 -D __CUDACC_VER_BUILD__=61 -D __CUDACC_VER_MINOR__=0 -D __CUDACC_VER_MAJOR__=8 /usr/local/cuda/bin/crt/link.stub -quiet -dumpbase link.stub -m64 -mtune=generic -march=x86-64 -auxbase-strip /tmp/tmpxft_00001dc2_00000000-5_cmTC_2595f_dlink.o -version -fstack-protector-strong -Wformat -Wformat-security -o /tmp/cciEllNS.s]
  ignore line: [GNU C++ (Ubuntu 5.5.0-12ubuntu1) version 5.5.0 20171010 (x86_64-linux-gnu)]
  ignore line: [	compiled by GNU C version 5.5.0 20171010, GMP version 6.1.2, MPFR version 4.0.1, MPC version 1.1.0]
  ignore line: [GGC heuristics: --param ggc-min-expand=100 --param ggc-min-heapsize=131072]
  ignore line: [ignoring duplicate directory "/usr/include/x86_64-linux-gnu/c++/5"]
  ignore line: [ignoring nonexistent directory "/usr/local/include/x86_64-linux-gnu"]
  ignore line: [ignoring nonexistent directory "/usr/lib/gcc/x86_64-linux-gnu/5/../../../../x86_64-linux-gnu/include"]
  ignore line: [#include "..." search starts here:]
  ignore line: [#include <...> search starts here:]
  ignore line: [ .]
  ignore line: [ /usr/local/cuda/bin/../targets/x86_64-linux/include]
  ignore line: [ /usr/include/c++/5]
  ignore line: [ /usr/include/x86_64-linux-gnu/c++/5]
  ignore line: [ /usr/include/c++/5/backward]
  ignore line: [ /usr/lib/gcc/x86_64-linux-gnu/5/include]
  ignore line: [ /usr/local/include]
  ignore line: [ /usr/lib/gcc/x86_64-linux-gnu/5/include-fixed]
  ignore line: [ /usr/include/x86_64-linux-gnu]
  ignore line: [ /usr/include]
  ignore line: [End of search list.]
  ignore line: [GNU C++ (Ubuntu 5.5.0-12ubuntu1) version 5.5.0 20171010 (x86_64-linux-gnu)]
  ignore line: [	compiled by GNU C version 5.5.0 20171010, GMP version 6.1.2, MPFR version 4.0.1, MPC version 1.1.0]
  ignore line: [GGC heuristics: --param ggc-min-expand=100 --param ggc-min-heapsize=131072]
  ignore line: [Compiler executable checksum: 7502860693407ccc98d9842871193560]
  ignore line: [COLLECT_GCC_OPTIONS='-c' '-D' 'FATBINFILE="/tmp/tmpxft_00001dc2_00000000-3_cmTC_2595f_dlink.fatbin.c"' '-D' 'REGISTERLINKBINARYFILE="/tmp/tmpxft_00001dc2_00000000-2_cmTC_2595f_dlink.reg.c"' '-I' '.' '-v' '-I' '/usr/local/cuda/bin/../targets/x86_64-linux/include' '-D' '__CUDACC_VER__=80061' '-D' '__CUDACC_VER_BUILD__=61' '-D' '__CUDACC_VER_MINOR__=0' '-D' '__CUDACC_VER_MAJOR__=8' '-m64' '-o' '/tmp/tmpxft_00001dc2_00000000-5_cmTC_2595f_dlink.o' '-shared-libgcc' '-mtune=generic' '-march=x86-64']
  ignore line: [ as -v -I . -I /usr/local/cuda/bin/../targets/x86_64-linux/include --64 -o /tmp/tmpxft_00001dc2_00000000-5_cmTC_2595f_dlink.o /tmp/cciEllNS.s]
  ignore line: [Version de l'assembleur GNU 2.30 (x86_64-linux-gnu) utilisant la version BFD (GNU Binutils for Ubuntu) 2.30]
  ignore line: [COMPILER_PATH=/usr/lib/gcc/x86_64-linux-gnu/5/:/usr/lib/gcc/x86_64-linux-gnu/5/:/usr/lib/gcc/x86_64-linux-gnu/:/usr/lib/gcc/x86_64-linux-gnu/5/:/usr/lib/gcc/x86_64-linux-gnu/]
  ignore line: [LIBRARY_PATH=/usr/lib/gcc/x86_64-linux-gnu/5/:/usr/lib/gcc/x86_64-linux-gnu/5/../../../x86_64-linux-gnu/:/usr/lib/gcc/x86_64-linux-gnu/5/../../../../lib/:/lib/x86_64-linux-gnu/:/lib/../lib/:/usr/lib/x86_64-linux-gnu/:/usr/lib/../lib/:/usr/lib/gcc/x86_64-linux-gnu/5/../../../:/lib/:/usr/lib/]
  ignore line: [COLLECT_GCC_OPTIONS='-c' '-D' 'FATBINFILE="/tmp/tmpxft_00001dc2_00000000-3_cmTC_2595f_dlink.fatbin.c"' '-D' 'REGISTERLINKBINARYFILE="/tmp/tmpxft_00001dc2_00000000-2_cmTC_2595f_dlink.reg.c"' '-I' '.' '-v' '-I' '/usr/local/cuda/bin/../targets/x86_64-linux/include' '-D' '__CUDACC_VER__=80061' '-D' '__CUDACC_VER_BUILD__=61' '-D' '__CUDACC_VER_MINOR__=0' '-D' '__CUDACC_VER_MAJOR__=8' '-m64' '-o' '/tmp/tmpxft_00001dc2_00000000-5_cmTC_2595f_dlink.o' '-shared-libgcc' '-mtune=generic' '-march=x86-64']
  ignore line: [Using built-in specs.]
  ignore line: [COLLECT_GCC=/usr/bin/g++-5]
  ignore line: [COLLECT_LTO_WRAPPER=/usr/lib/gcc/x86_64-linux-gnu/5/lto-wrapper]
  ignore line: [Target: x86_64-linux-gnu]
  ignore line: [Configured with: ../src/configure -v --with-pkgversion='Ubuntu 5.5.0-12ubuntu1' --with-bugurl=file:///usr/share/doc/gcc-5/README.Bugs --enable-languages=c,ada,c++,go,d,fortran,objc,obj-c++ --prefix=/usr --program-suffix=-5 --enable-shared --enable-linker-build-id --libexecdir=/usr/lib --without-included-gettext --enable-threads=posix --libdir=/usr/lib --enable-nls --with-sysroot=/ --enable-clocale=gnu --enable-libstdcxx-debug --enable-libstdcxx-time=yes --with-default-libstdcxx-abi=new --enable-gnu-unique-object --disable-vtable-verify --enable-libmpx --enable-plugin --enable-default-pie --with-system-zlib --enable-objc-gc --enable-multiarch --disable-werror --with-arch-32=i686 --with-abi=m64 --with-multilib-list=m32,m64,mx32 --enable-multilib --with-tune=generic --enable-checking=release --build=x86_64-linux-gnu --host=x86_64-linux-gnu --target=x86_64-linux-gnu]
  ignore line: [Thread model: posix]
  ignore line: [gcc version 5.5.0 20171010 (Ubuntu 5.5.0-12ubuntu1) ]
  ignore line: [COMPILER_PATH=/usr/lib/gcc/x86_64-linux-gnu/5/:/usr/lib/gcc/x86_64-linux-gnu/5/:/usr/lib/gcc/x86_64-linux-gnu/:/usr/lib/gcc/x86_64-linux-gnu/5/:/usr/lib/gcc/x86_64-linux-gnu/]
  ignore line: [LIBRARY_PATH=/usr/lib/gcc/x86_64-linux-gnu/5/:/usr/lib/gcc/x86_64-linux-gnu/5/../../../x86_64-linux-gnu/:/usr/lib/gcc/x86_64-linux-gnu/5/../../../../lib/:/lib/x86_64-linux-gnu/:/lib/../lib/:/usr/lib/x86_64-linux-gnu/:/usr/lib/../lib/:/usr/lib/gcc/x86_64-linux-gnu/5/../../../:/lib/:/usr/lib/]
  ignore line: [COLLECT_GCC_OPTIONS='-v' '-m64' '-o' 'cmTC_2595f' '-L/usr/local/cuda/bin/../targets/x86_64-linux/lib/stubs' '-L/usr/local/cuda/bin/../targets/x86_64-linux/lib' '-shared-libgcc' '-mtune=generic' '-march=x86-64']
  link line: [ /usr/lib/gcc/x86_64-linux-gnu/5/collect2 -plugin /usr/lib/gcc/x86_64-linux-gnu/5/liblto_plugin.so -plugin-opt=/usr/lib/gcc/x86_64-linux-gnu/5/lto-wrapper -plugin-opt=-fresolution=/tmp/ccWxnVbW.res -plugin-opt=-pass-through=-lgcc_s -plugin-opt=-pass-through=-lgcc -plugin-opt=-pass-through=-lc -plugin-opt=-pass-through=-lgcc_s -plugin-opt=-pass-through=-lgcc --sysroot=/ --build-id --eh-frame-hdr -m elf_x86_64 --hash-style=gnu --as-needed -dynamic-linker /lib64/ld-linux-x86-64.so.2 -pie -z now -z relro -o cmTC_2595f /usr/lib/gcc/x86_64-linux-gnu/5/../../../x86_64-linux-gnu/Scrt1.o /usr/lib/gcc/x86_64-linux-gnu/5/../../../x86_64-linux-gnu/crti.o /usr/lib/gcc/x86_64-linux-gnu/5/crtbeginS.o -L/usr/local/cuda/bin/../targets/x86_64-linux/lib/stubs -L/usr/local/cuda/bin/../targets/x86_64-linux/lib -L/usr/lib/gcc/x86_64-linux-gnu/5 -L/usr/lib/gcc/x86_64-linux-gnu/5/../../../x86_64-linux-gnu -L/usr/lib/gcc/x86_64-linux-gnu/5/../../../../lib -L/lib/x86_64-linux-gnu -L/lib/../lib -L/usr/lib/x86_64-linux-gnu -L/usr/lib/../lib -L/usr/lib/gcc/x86_64-linux-gnu/5/../../.. --start-group /tmp/tmpxft_00001dc2_00000000-5_cmTC_2595f_dlink.o CMakeFiles/cmTC_2595f.dir/CMakeCXXCompilerABI.cpp.o -lcudadevrt -lcudart_static -lrt -lpthread -ldl --end-group -lstdc++ -lm -lgcc_s -lgcc -lc -lgcc_s -lgcc /usr/lib/gcc/x86_64-linux-gnu/5/crtend.o /usr/lib/gcc/x86_64-linux-gnu/5/../../../x86_64-linux-gnu/crtn.o]
    arg [/usr/lib/gcc/x86_64-linux-gnu/5/collect2] ==> ignore
    arg [-plugin] ==> ignore
    arg [/usr/lib/gcc/x86_64-linux-gnu/5/liblto_plugin.so] ==> ignore
    arg [-plugin-opt=/usr/lib/gcc/x86_64-linux-gnu/5/lto-wrapper] ==> ignore
    arg [-plugin-opt=-fresolution=/tmp/ccWxnVbW.res] ==> ignore
    arg [-plugin-opt=-pass-through=-lgcc_s] ==> ignore
    arg [-plugin-opt=-pass-through=-lgcc] ==> ignore
    arg [-plugin-opt=-pass-through=-lc] ==> ignore
    arg [-plugin-opt=-pass-through=-lgcc_s] ==> ignore
    arg [-plugin-opt=-pass-through=-lgcc] ==> ignore
    arg [--sysroot=/] ==> ignore
    arg [--build-id] ==> ignore
    arg [--eh-frame-hdr] ==> ignore
    arg [-m] ==> ignore
    arg [elf_x86_64] ==> ignore
    arg [--hash-style=gnu] ==> ignore
    arg [--as-needed] ==> ignore
    arg [-dynamic-linker] ==> ignore
    arg [/lib64/ld-linux-x86-64.so.2] ==> ignore
    arg [-pie] ==> ignore
    arg [-znow] ==> ignore
    arg [-zrelro] ==> ignore
    arg [-o] ==> ignore
    arg [cmTC_2595f] ==> ignore
    arg [/usr/lib/gcc/x86_64-linux-gnu/5/../../../x86_64-linux-gnu/Scrt1.o] ==> ignore
    arg [/usr/lib/gcc/x86_64-linux-gnu/5/../../../x86_64-linux-gnu/crti.o] ==> ignore
    arg [/usr/lib/gcc/x86_64-linux-gnu/5/crtbeginS.o] ==> ignore
    arg [-L/usr/local/cuda/bin/../targets/x86_64-linux/lib/stubs] ==> dir [/usr/local/cuda/bin/../targets/x86_64-linux/lib/stubs]
    arg [-L/usr/local/cuda/bin/../targets/x86_64-linux/lib] ==> dir [/usr/local/cuda/bin/../targets/x86_64-linux/lib]
    arg [-L/usr/lib/gcc/x86_64-linux-gnu/5] ==> dir [/usr/lib/gcc/x86_64-linux-gnu/5]
    arg [-L/usr/lib/gcc/x86_64-linux-gnu/5/../../../x86_64-linux-gnu] ==> dir [/usr/lib/gcc/x86_64-linux-gnu/5/../../../x86_64-linux-gnu]
    arg [-L/usr/lib/gcc/x86_64-linux-gnu/5/../../../../lib] ==> dir [/usr/lib/gcc/x86_64-linux-gnu/5/../../../../lib]
    arg [-L/lib/x86_64-linux-gnu] ==> dir [/lib/x86_64-linux-gnu]
    arg [-L/lib/../lib] ==> dir [/lib/../lib]
    arg [-L/usr/lib/x86_64-linux-gnu] ==> dir [/usr/lib/x86_64-linux-gnu]
    arg [-L/usr/lib/../lib] ==> dir [/usr/lib/../lib]
    arg [-L/usr/lib/gcc/x86_64-linux-gnu/5/../../..] ==> dir [/usr/lib/gcc/x86_64-linux-gnu/5/../../..]
    arg [--start-group] ==> ignore
    arg [/tmp/tmpxft_00001dc2_00000000-5_cmTC_2595f_dlink.o] ==> ignore
    arg [CMakeFiles/cmTC_2595f.dir/CMakeCXXCompilerABI.cpp.o] ==> ignore
    arg [-lcudadevrt] ==> lib [cudadevrt]
    arg [-lcudart_static] ==> lib [cudart_static]
    arg [-lrt] ==> lib [rt]
    arg [-lpthread] ==> lib [pthread]
    arg [-ldl] ==> lib [dl]
    arg [--end-group] ==> ignore
    arg [-lstdc++] ==> lib [stdc++]
    arg [-lm] ==> lib [m]
    arg [-lgcc_s] ==> lib [gcc_s]
    arg [-lgcc] ==> lib [gcc]
    arg [-lc] ==> lib [c]
    arg [-lgcc_s] ==> lib [gcc_s]
    arg [-lgcc] ==> lib [gcc]
    arg [/usr/lib/gcc/x86_64-linux-gnu/5/crtend.o] ==> ignore
    arg [/usr/lib/gcc/x86_64-linux-gnu/5/../../../x86_64-linux-gnu/crtn.o] ==> ignore
  collapse library dir [/usr/local/cuda/bin/../targets/x86_64-linux/lib/stubs] ==> [/usr/local/cuda/targets/x86_64-linux/lib/stubs]
  collapse library dir [/usr/local/cuda/bin/../targets/x86_64-linux/lib] ==> [/usr/local/cuda/targets/x86_64-linux/lib]
  collapse library dir [/usr/lib/gcc/x86_64-linux-gnu/5] ==> [/usr/lib/gcc/x86_64-linux-gnu/5]
  collapse library dir [/usr/lib/gcc/x86_64-linux-gnu/5/../../../x86_64-linux-gnu] ==> [/usr/lib/x86_64-linux-gnu]
  collapse library dir [/usr/lib/gcc/x86_64-linux-gnu/5/../../../../lib] ==> [/usr/lib]
  collapse library dir [/lib/x86_64-linux-gnu] ==> [/lib/x86_64-linux-gnu]
  collapse library dir [/lib/../lib] ==> [/lib]
  collapse library dir [/usr/lib/x86_64-linux-gnu] ==> [/usr/lib/x86_64-linux-gnu]
  collapse library dir [/usr/lib/../lib] ==> [/usr/lib]
  collapse library dir [/usr/lib/gcc/x86_64-linux-gnu/5/../../..] ==> [/usr/lib]
  implicit libs: [cudadevrt;cudart_static;rt;pthread;dl;stdc++;m;gcc_s;gcc;c;gcc_s;gcc]
  implicit dirs: [/usr/local/cuda/targets/x86_64-linux/lib/stubs;/usr/local/cuda/targets/x86_64-linux/lib;/usr/lib/gcc/x86_64-linux-gnu/5;/usr/lib/x86_64-linux-gnu;/usr/lib;/lib/x86_64-linux-gnu;/lib]
  implicit fwks: []


Determining if the C compiler works passed with the following output:
Change Dir: /home/aaudi/Bureau/kokkos_numscale_work/sum_cols_matrix_perf/build_gpu/CMakeFiles/CMakeTmp

Run Build Command:"/usr/bin/make" "cmTC_e22b0/fast"
/usr/bin/make -f CMakeFiles/cmTC_e22b0.dir/build.make CMakeFiles/cmTC_e22b0.dir/build
make[1] : on entre dans le répertoire « /home/aaudi/Bureau/kokkos_numscale_work/sum_cols_matrix_perf/build_gpu/CMakeFiles/CMakeTmp »
Building C object CMakeFiles/cmTC_e22b0.dir/testCCompiler.c.o
/usr/bin/cc    -o CMakeFiles/cmTC_e22b0.dir/testCCompiler.c.o   -c /home/aaudi/Bureau/kokkos_numscale_work/sum_cols_matrix_perf/build_gpu/CMakeFiles/CMakeTmp/testCCompiler.c
Linking C executable cmTC_e22b0
/usr/bin/cmake -E cmake_link_script CMakeFiles/cmTC_e22b0.dir/link.txt --verbose=1
/usr/bin/cc      CMakeFiles/cmTC_e22b0.dir/testCCompiler.c.o  -o cmTC_e22b0 
make[1] : on quitte le répertoire « /home/aaudi/Bureau/kokkos_numscale_work/sum_cols_matrix_perf/build_gpu/CMakeFiles/CMakeTmp »


Detecting C compiler ABI info compiled with the following output:
Change Dir: /home/aaudi/Bureau/kokkos_numscale_work/sum_cols_matrix_perf/build_gpu/CMakeFiles/CMakeTmp

Run Build Command:"/usr/bin/make" "cmTC_49001/fast"
/usr/bin/make -f CMakeFiles/cmTC_49001.dir/build.make CMakeFiles/cmTC_49001.dir/build
make[1] : on entre dans le répertoire « /home/aaudi/Bureau/kokkos_numscale_work/sum_cols_matrix_perf/build_gpu/CMakeFiles/CMakeTmp »
Building C object CMakeFiles/cmTC_49001.dir/CMakeCCompilerABI.c.o
/usr/bin/cc    -o CMakeFiles/cmTC_49001.dir/CMakeCCompilerABI.c.o   -c /usr/share/cmake-3.10/Modules/CMakeCCompilerABI.c
Linking C executable cmTC_49001
/usr/bin/cmake -E cmake_link_script CMakeFiles/cmTC_49001.dir/link.txt --verbose=1
/usr/bin/cc     -v CMakeFiles/cmTC_49001.dir/CMakeCCompilerABI.c.o  -o cmTC_49001 
Using built-in specs.
COLLECT_GCC=/usr/bin/cc
COLLECT_LTO_WRAPPER=/usr/lib/gcc/x86_64-linux-gnu/7/lto-wrapper
OFFLOAD_TARGET_NAMES=nvptx-none
OFFLOAD_TARGET_DEFAULT=1
Target: x86_64-linux-gnu
Configured with: ../src/configure -v --with-pkgversion='Ubuntu 7.3.0-27ubuntu1~18.04' --with-bugurl=file:///usr/share/doc/gcc-7/README.Bugs --enable-languages=c,ada,c++,go,brig,d,fortran,objc,obj-c++ --prefix=/usr --with-gcc-major-version-only --program-suffix=-7 --program-prefix=x86_64-linux-gnu- --enable-shared --enable-linker-build-id --libexecdir=/usr/lib --without-included-gettext --enable-threads=posix --libdir=/usr/lib --enable-nls --with-sysroot=/ --enable-clocale=gnu --enable-libstdcxx-debug --enable-libstdcxx-time=yes --with-default-libstdcxx-abi=new --enable-gnu-unique-object --disable-vtable-verify --enable-libmpx --enable-plugin --enable-default-pie --with-system-zlib --with-target-system-zlib --enable-objc-gc=auto --enable-multiarch --disable-werror --with-arch-32=i686 --with-abi=m64 --with-multilib-list=m32,m64,mx32 --enable-multilib --with-tune=generic --enable-offload-targets=nvptx-none --without-cuda-driver --enable-checking=release --build=x86_64-linux-gnu --host=x86_64-linux-gnu --target=x86_64-linux-gnu
Thread model: posix
gcc version 7.3.0 (Ubuntu 7.3.0-27ubuntu1~18.04) 
COMPILER_PATH=/usr/lib/gcc/x86_64-linux-gnu/7/:/usr/lib/gcc/x86_64-linux-gnu/7/:/usr/lib/gcc/x86_64-linux-gnu/:/usr/lib/gcc/x86_64-linux-gnu/7/:/usr/lib/gcc/x86_64-linux-gnu/
LIBRARY_PATH=/usr/lib/gcc/x86_64-linux-gnu/7/:/usr/lib/gcc/x86_64-linux-gnu/7/../../../x86_64-linux-gnu/:/usr/lib/gcc/x86_64-linux-gnu/7/../../../../lib/:/lib/x86_64-linux-gnu/:/lib/../lib/:/usr/lib/x86_64-linux-gnu/:/usr/lib/../lib/:/usr/lib/gcc/x86_64-linux-gnu/7/../../../:/lib/:/usr/lib/
COLLECT_GCC_OPTIONS='-v' '-o' 'cmTC_49001' '-mtune=generic' '-march=x86-64'
 /usr/lib/gcc/x86_64-linux-gnu/7/collect2 -plugin /usr/lib/gcc/x86_64-linux-gnu/7/liblto_plugin.so -plugin-opt=/usr/lib/gcc/x86_64-linux-gnu/7/lto-wrapper -plugin-opt=-fresolution=/tmp/cc2dE42e.res -plugin-opt=-pass-through=-lgcc -plugin-opt=-pass-through=-lgcc_s -plugin-opt=-pass-through=-lc -plugin-opt=-pass-through=-lgcc -plugin-opt=-pass-through=-lgcc_s --sysroot=/ --build-id --eh-frame-hdr -m elf_x86_64 --hash-style=gnu --as-needed -dynamic-linker /lib64/ld-linux-x86-64.so.2 -pie -z now -z relro -o cmTC_49001 /usr/lib/gcc/x86_64-linux-gnu/7/../../../x86_64-linux-gnu/Scrt1.o /usr/lib/gcc/x86_64-linux-gnu/7/../../../x86_64-linux-gnu/crti.o /usr/lib/gcc/x86_64-linux-gnu/7/crtbeginS.o -L/usr/lib/gcc/x86_64-linux-gnu/7 -L/usr/lib/gcc/x86_64-linux-gnu/7/../../../x86_64-linux-gnu -L/usr/lib/gcc/x86_64-linux-gnu/7/../../../../lib -L/lib/x86_64-linux-gnu -L/lib/../lib -L/usr/lib/x86_64-linux-gnu -L/usr/lib/../lib -L/usr/lib/gcc/x86_64-linux-gnu/7/../../.. CMakeFiles/cmTC_49001.dir/CMakeCCompilerABI.c.o -lgcc --push-state --as-needed -lgcc_s --pop-state -lc -lgcc --push-state --as-needed -lgcc_s --pop-state /usr/lib/gcc/x86_64-linux-gnu/7/crtendS.o /usr/lib/gcc/x86_64-linux-gnu/7/../../../x86_64-linux-gnu/crtn.o
COLLECT_GCC_OPTIONS='-v' '-o' 'cmTC_49001' '-mtune=generic' '-march=x86-64'
make[1] : on quitte le répertoire « /home/aaudi/Bureau/kokkos_numscale_work/sum_cols_matrix_perf/build_gpu/CMakeFiles/CMakeTmp »


Parsed C implicit link information from above output:
  link line regex: [^( *|.*[/\])(ld|CMAKE_LINK_STARTFILE-NOTFOUND|([^/\]+-)?ld|collect2)[^/\]*( |$)]
  ignore line: [Change Dir: /home/aaudi/Bureau/kokkos_numscale_work/sum_cols_matrix_perf/build_gpu/CMakeFiles/CMakeTmp]
  ignore line: []
  ignore line: [Run Build Command:"/usr/bin/make" "cmTC_49001/fast"]
  ignore line: [/usr/bin/make -f CMakeFiles/cmTC_49001.dir/build.make CMakeFiles/cmTC_49001.dir/build]
  ignore line: [make[1] : on entre dans le répertoire « /home/aaudi/Bureau/kokkos_numscale_work/sum_cols_matrix_perf/build_gpu/CMakeFiles/CMakeTmp »]
  ignore line: [Building C object CMakeFiles/cmTC_49001.dir/CMakeCCompilerABI.c.o]
  ignore line: [/usr/bin/cc    -o CMakeFiles/cmTC_49001.dir/CMakeCCompilerABI.c.o   -c /usr/share/cmake-3.10/Modules/CMakeCCompilerABI.c]
  ignore line: [Linking C executable cmTC_49001]
  ignore line: [/usr/bin/cmake -E cmake_link_script CMakeFiles/cmTC_49001.dir/link.txt --verbose=1]
  ignore line: [/usr/bin/cc     -v CMakeFiles/cmTC_49001.dir/CMakeCCompilerABI.c.o  -o cmTC_49001 ]
  ignore line: [Using built-in specs.]
  ignore line: [COLLECT_GCC=/usr/bin/cc]
  ignore line: [COLLECT_LTO_WRAPPER=/usr/lib/gcc/x86_64-linux-gnu/7/lto-wrapper]
  ignore line: [OFFLOAD_TARGET_NAMES=nvptx-none]
  ignore line: [OFFLOAD_TARGET_DEFAULT=1]
  ignore line: [Target: x86_64-linux-gnu]
  ignore line: [Configured with: ../src/configure -v --with-pkgversion='Ubuntu 7.3.0-27ubuntu1~18.04' --with-bugurl=file:///usr/share/doc/gcc-7/README.Bugs --enable-languages=c,ada,c++,go,brig,d,fortran,objc,obj-c++ --prefix=/usr --with-gcc-major-version-only --program-suffix=-7 --program-prefix=x86_64-linux-gnu- --enable-shared --enable-linker-build-id --libexecdir=/usr/lib --without-included-gettext --enable-threads=posix --libdir=/usr/lib --enable-nls --with-sysroot=/ --enable-clocale=gnu --enable-libstdcxx-debug --enable-libstdcxx-time=yes --with-default-libstdcxx-abi=new --enable-gnu-unique-object --disable-vtable-verify --enable-libmpx --enable-plugin --enable-default-pie --with-system-zlib --with-target-system-zlib --enable-objc-gc=auto --enable-multiarch --disable-werror --with-arch-32=i686 --with-abi=m64 --with-multilib-list=m32,m64,mx32 --enable-multilib --with-tune=generic --enable-offload-targets=nvptx-none --without-cuda-driver --enable-checking=release --build=x86_64-linux-gnu --host=x86_64-linux-gnu --target=x86_64-linux-gnu]
  ignore line: [Thread model: posix]
  ignore line: [gcc version 7.3.0 (Ubuntu 7.3.0-27ubuntu1~18.04) ]
  ignore line: [COMPILER_PATH=/usr/lib/gcc/x86_64-linux-gnu/7/:/usr/lib/gcc/x86_64-linux-gnu/7/:/usr/lib/gcc/x86_64-linux-gnu/:/usr/lib/gcc/x86_64-linux-gnu/7/:/usr/lib/gcc/x86_64-linux-gnu/]
  ignore line: [LIBRARY_PATH=/usr/lib/gcc/x86_64-linux-gnu/7/:/usr/lib/gcc/x86_64-linux-gnu/7/../../../x86_64-linux-gnu/:/usr/lib/gcc/x86_64-linux-gnu/7/../../../../lib/:/lib/x86_64-linux-gnu/:/lib/../lib/:/usr/lib/x86_64-linux-gnu/:/usr/lib/../lib/:/usr/lib/gcc/x86_64-linux-gnu/7/../../../:/lib/:/usr/lib/]
  ignore line: [COLLECT_GCC_OPTIONS='-v' '-o' 'cmTC_49001' '-mtune=generic' '-march=x86-64']
  link line: [ /usr/lib/gcc/x86_64-linux-gnu/7/collect2 -plugin /usr/lib/gcc/x86_64-linux-gnu/7/liblto_plugin.so -plugin-opt=/usr/lib/gcc/x86_64-linux-gnu/7/lto-wrapper -plugin-opt=-fresolution=/tmp/cc2dE42e.res -plugin-opt=-pass-through=-lgcc -plugin-opt=-pass-through=-lgcc_s -plugin-opt=-pass-through=-lc -plugin-opt=-pass-through=-lgcc -plugin-opt=-pass-through=-lgcc_s --sysroot=/ --build-id --eh-frame-hdr -m elf_x86_64 --hash-style=gnu --as-needed -dynamic-linker /lib64/ld-linux-x86-64.so.2 -pie -z now -z relro -o cmTC_49001 /usr/lib/gcc/x86_64-linux-gnu/7/../../../x86_64-linux-gnu/Scrt1.o /usr/lib/gcc/x86_64-linux-gnu/7/../../../x86_64-linux-gnu/crti.o /usr/lib/gcc/x86_64-linux-gnu/7/crtbeginS.o -L/usr/lib/gcc/x86_64-linux-gnu/7 -L/usr/lib/gcc/x86_64-linux-gnu/7/../../../x86_64-linux-gnu -L/usr/lib/gcc/x86_64-linux-gnu/7/../../../../lib -L/lib/x86_64-linux-gnu -L/lib/../lib -L/usr/lib/x86_64-linux-gnu -L/usr/lib/../lib -L/usr/lib/gcc/x86_64-linux-gnu/7/../../.. CMakeFiles/cmTC_49001.dir/CMakeCCompilerABI.c.o -lgcc --push-state --as-needed -lgcc_s --pop-state -lc -lgcc --push-state --as-needed -lgcc_s --pop-state /usr/lib/gcc/x86_64-linux-gnu/7/crtendS.o /usr/lib/gcc/x86_64-linux-gnu/7/../../../x86_64-linux-gnu/crtn.o]
    arg [/usr/lib/gcc/x86_64-linux-gnu/7/collect2] ==> ignore
    arg [-plugin] ==> ignore
    arg [/usr/lib/gcc/x86_64-linux-gnu/7/liblto_plugin.so] ==> ignore
    arg [-plugin-opt=/usr/lib/gcc/x86_64-linux-gnu/7/lto-wrapper] ==> ignore
    arg [-plugin-opt=-fresolution=/tmp/cc2dE42e.res] ==> ignore
    arg [-plugin-opt=-pass-through=-lgcc] ==> ignore
    arg [-plugin-opt=-pass-through=-lgcc_s] ==> ignore
    arg [-plugin-opt=-pass-through=-lc] ==> ignore
    arg [-plugin-opt=-pass-through=-lgcc] ==> ignore
    arg [-plugin-opt=-pass-through=-lgcc_s] ==> ignore
    arg [--sysroot=/] ==> ignore
    arg [--build-id] ==> ignore
    arg [--eh-frame-hdr] ==> ignore
    arg [-m] ==> ignore
    arg [elf_x86_64] ==> ignore
    arg [--hash-style=gnu] ==> ignore
    arg [--as-needed] ==> ignore
    arg [-dynamic-linker] ==> ignore
    arg [/lib64/ld-linux-x86-64.so.2] ==> ignore
    arg [-pie] ==> ignore
    arg [-znow] ==> ignore
    arg [-zrelro] ==> ignore
    arg [-o] ==> ignore
    arg [cmTC_49001] ==> ignore
    arg [/usr/lib/gcc/x86_64-linux-gnu/7/../../../x86_64-linux-gnu/Scrt1.o] ==> ignore
    arg [/usr/lib/gcc/x86_64-linux-gnu/7/../../../x86_64-linux-gnu/crti.o] ==> ignore
    arg [/usr/lib/gcc/x86_64-linux-gnu/7/crtbeginS.o] ==> ignore
    arg [-L/usr/lib/gcc/x86_64-linux-gnu/7] ==> dir [/usr/lib/gcc/x86_64-linux-gnu/7]
    arg [-L/usr/lib/gcc/x86_64-linux-gnu/7/../../../x86_64-linux-gnu] ==> dir [/usr/lib/gcc/x86_64-linux-gnu/7/../../../x86_64-linux-gnu]
    arg [-L/usr/lib/gcc/x86_64-linux-gnu/7/../../../../lib] ==> dir [/usr/lib/gcc/x86_64-linux-gnu/7/../../../../lib]
    arg [-L/lib/x86_64-linux-gnu] ==> dir [/lib/x86_64-linux-gnu]
    arg [-L/lib/../lib] ==> dir [/lib/../lib]
    arg [-L/usr/lib/x86_64-linux-gnu] ==> dir [/usr/lib/x86_64-linux-gnu]
    arg [-L/usr/lib/../lib] ==> dir [/usr/lib/../lib]
    arg [-L/usr/lib/gcc/x86_64-linux-gnu/7/../../..] ==> dir [/usr/lib/gcc/x86_64-linux-gnu/7/../../..]
    arg [CMakeFiles/cmTC_49001.dir/CMakeCCompilerABI.c.o] ==> ignore
    arg [-lgcc] ==> lib [gcc]
    arg [--push-state] ==> ignore
    arg [--as-needed] ==> ignore
    arg [-lgcc_s] ==> lib [gcc_s]
    arg [--pop-state] ==> ignore
    arg [-lc] ==> lib [c]
    arg [-lgcc] ==> lib [gcc]
    arg [--push-state] ==> ignore
    arg [--as-needed] ==> ignore
    arg [-lgcc_s] ==> lib [gcc_s]
    arg [--pop-state] ==> ignore
    arg [/usr/lib/gcc/x86_64-linux-gnu/7/crtendS.o] ==> ignore
    arg [/usr/lib/gcc/x86_64-linux-gnu/7/../../../x86_64-linux-gnu/crtn.o] ==> ignore
  collapse library dir [/usr/lib/gcc/x86_64-linux-gnu/7] ==> [/usr/lib/gcc/x86_64-linux-gnu/7]
  collapse library dir [/usr/lib/gcc/x86_64-linux-gnu/7/../../../x86_64-linux-gnu] ==> [/usr/lib/x86_64-linux-gnu]
  collapse library dir [/usr/lib/gcc/x86_64-linux-gnu/7/../../../../lib] ==> [/usr/lib]
  collapse library dir [/lib/x86_64-linux-gnu] ==> [/lib/x86_64-linux-gnu]
  collapse library dir [/lib/../lib] ==> [/lib]
  collapse library dir [/usr/lib/x86_64-linux-gnu] ==> [/usr/lib/x86_64-linux-gnu]
  collapse library dir [/usr/lib/../lib] ==> [/usr/lib]
  collapse library dir [/usr/lib/gcc/x86_64-linux-gnu/7/../../..] ==> [/usr/lib]
  implicit libs: [gcc;gcc_s;c;gcc;gcc_s]
  implicit dirs: [/usr/lib/gcc/x86_64-linux-gnu/7;/usr/lib/x86_64-linux-gnu;/usr/lib;/lib/x86_64-linux-gnu;/lib]
  implicit fwks: []




Detecting C [-std=c11] compiler features compiled with the following output:
Change Dir: /home/aaudi/Bureau/kokkos_numscale_work/sum_cols_matrix_perf/build_gpu/CMakeFiles/CMakeTmp

Run Build Command:"/usr/bin/make" "cmTC_a168b/fast"
/usr/bin/make -f CMakeFiles/cmTC_a168b.dir/build.make CMakeFiles/cmTC_a168b.dir/build
make[1] : on entre dans le répertoire « /home/aaudi/Bureau/kokkos_numscale_work/sum_cols_matrix_perf/build_gpu/CMakeFiles/CMakeTmp »
Building C object CMakeFiles/cmTC_a168b.dir/feature_tests.c.o
/usr/bin/cc   -std=c11 -o CMakeFiles/cmTC_a168b.dir/feature_tests.c.o   -c /home/aaudi/Bureau/kokkos_numscale_work/sum_cols_matrix_perf/build_gpu/CMakeFiles/feature_tests.c
Linking C executable cmTC_a168b
/usr/bin/cmake -E cmake_link_script CMakeFiles/cmTC_a168b.dir/link.txt --verbose=1
/usr/bin/cc      CMakeFiles/cmTC_a168b.dir/feature_tests.c.o  -o cmTC_a168b 
make[1] : on quitte le répertoire « /home/aaudi/Bureau/kokkos_numscale_work/sum_cols_matrix_perf/build_gpu/CMakeFiles/CMakeTmp »


    Feature record: C_FEATURE:1c_function_prototypes
    Feature record: C_FEATURE:1c_restrict
    Feature record: C_FEATURE:1c_static_assert
    Feature record: C_FEATURE:1c_variadic_macros


Detecting C [-std=c99] compiler features compiled with the following output:
Change Dir: /home/aaudi/Bureau/kokkos_numscale_work/sum_cols_matrix_perf/build_gpu/CMakeFiles/CMakeTmp

Run Build Command:"/usr/bin/make" "cmTC_ff14d/fast"
/usr/bin/make -f CMakeFiles/cmTC_ff14d.dir/build.make CMakeFiles/cmTC_ff14d.dir/build
make[1] : on entre dans le répertoire « /home/aaudi/Bureau/kokkos_numscale_work/sum_cols_matrix_perf/build_gpu/CMakeFiles/CMakeTmp »
Building C object CMakeFiles/cmTC_ff14d.dir/feature_tests.c.o
/usr/bin/cc   -std=c99 -o CMakeFiles/cmTC_ff14d.dir/feature_tests.c.o   -c /home/aaudi/Bureau/kokkos_numscale_work/sum_cols_matrix_perf/build_gpu/CMakeFiles/feature_tests.c
Linking C executable cmTC_ff14d
/usr/bin/cmake -E cmake_link_script CMakeFiles/cmTC_ff14d.dir/link.txt --verbose=1
/usr/bin/cc      CMakeFiles/cmTC_ff14d.dir/feature_tests.c.o  -o cmTC_ff14d 
make[1] : on quitte le répertoire « /home/aaudi/Bureau/kokkos_numscale_work/sum_cols_matrix_perf/build_gpu/CMakeFiles/CMakeTmp »


    Feature record: C_FEATURE:1c_function_prototypes
    Feature record: C_FEATURE:1c_restrict
    Feature record: C_FEATURE:0c_static_assert
    Feature record: C_FEATURE:1c_variadic_macros


Detecting C [-std=c90] compiler features compiled with the following output:
Change Dir: /home/aaudi/Bureau/kokkos_numscale_work/sum_cols_matrix_perf/build_gpu/CMakeFiles/CMakeTmp

Run Build Command:"/usr/bin/make" "cmTC_2d7c1/fast"
/usr/bin/make -f CMakeFiles/cmTC_2d7c1.dir/build.make CMakeFiles/cmTC_2d7c1.dir/build
make[1] : on entre dans le répertoire « /home/aaudi/Bureau/kokkos_numscale_work/sum_cols_matrix_perf/build_gpu/CMakeFiles/CMakeTmp »
Building C object CMakeFiles/cmTC_2d7c1.dir/feature_tests.c.o
/usr/bin/cc   -std=c90 -o CMakeFiles/cmTC_2d7c1.dir/feature_tests.c.o   -c /home/aaudi/Bureau/kokkos_numscale_work/sum_cols_matrix_perf/build_gpu/CMakeFiles/feature_tests.c
Linking C executable cmTC_2d7c1
/usr/bin/cmake -E cmake_link_script CMakeFiles/cmTC_2d7c1.dir/link.txt --verbose=1
/usr/bin/cc      CMakeFiles/cmTC_2d7c1.dir/feature_tests.c.o  -o cmTC_2d7c1 
make[1] : on quitte le répertoire « /home/aaudi/Bureau/kokkos_numscale_work/sum_cols_matrix_perf/build_gpu/CMakeFiles/CMakeTmp »


    Feature record: C_FEATURE:1c_function_prototypes
    Feature record: C_FEATURE:0c_restrict
    Feature record: C_FEATURE:0c_static_assert
    Feature record: C_FEATURE:0c_variadic_macros
